This is pdfTeX, Version 3.141592653-2.6-1.40.25 (MiKTeX 24.1) (preloaded format=pdflatex 2025.10.3)  17 OCT 2025 13:13
entering extended mode
 restricted \write18 enabled.
 %&-line parsing enabled.
**./qrchange.tex
(qrchange.tex
LaTeX2e <2023-11-01> patch level 1
L3 programming layer <2024-01-04>
(C:\Users\yashm\AppData\Local\Programs\MiKTeX\tex/latex/base\article.cls
Document Class: article 2023/05/17 v1.4n Standard LaTeX document class
(C:\Users\yashm\AppData\Local\Programs\MiKTeX\tex/latex/base\size12.clo
File: size12.clo 2023/05/17 v1.4n Standard LaTeX file (size option)
)
\c@part=\count187
\c@section=\count188
\c@subsection=\count189
\c@subsubsection=\count190
\c@paragraph=\count191
\c@subparagraph=\count192
\c@figure=\count193
\c@table=\count194
\abovecaptionskip=\skip48
\belowcaptionskip=\skip49
\bibindent=\dimen140
)
(C:\Users\yashm\AppData\Local\Programs\MiKTeX\tex/latex/base\inputenc.sty
Package: inputenc 2021/02/14 v1.3d Input encoding file
\inpenc@prehook=\toks17
\inpenc@posthook=\toks18
)
(C:\Users\yashm\AppData\Local\Programs\MiKTeX\tex/latex/geometry\geometry.sty
Package: geometry 2020/01/02 v5.9 Page Geometry

(C:\Users\yashm\AppData\Local\Programs\MiKTeX\tex/latex/graphics\keyval.sty
Package: keyval 2022/05/29 v1.15 key=value parser (DPC)
\KV@toks@=\toks19
)
(C:\Users\yashm\AppData\Local\Programs\MiKTeX\tex/generic/iftex\ifvtex.sty
Package: ifvtex 2019/10/25 v1.7 ifvtex legacy package. Use iftex instead.

(C:\Users\yashm\AppData\Local\Programs\MiKTeX\tex/generic/iftex\iftex.sty
Package: iftex 2022/02/03 v1.0f TeX engine tests
))
\Gm@cnth=\count195
\Gm@cntv=\count196
\c@Gm@tempcnt=\count197
\Gm@bindingoffset=\dimen141
\Gm@wd@mp=\dimen142
\Gm@odd@mp=\dimen143
\Gm@even@mp=\dimen144
\Gm@layoutwidth=\dimen145
\Gm@layoutheight=\dimen146
\Gm@layouthoffset=\dimen147
\Gm@layoutvoffset=\dimen148
\Gm@dimlist=\toks20

(C:\Users\yashm\AppData\Local\Programs\MiKTeX\tex/latex/geometry\geometry.cfg))
(C:\Users\yashm\AppData\Local\Programs\MiKTeX\tex/latex/psnfss\times.sty
Package: times 2020/03/25 PSNFSS-v9.3 (SPQR) 
)
(C:\Users\yashm\AppData\Local\Programs\MiKTeX\tex/latex/setspace\setspace.sty
Package: setspace 2022/12/04 v6.7b set line spacing
)
(C:\Users\yashm\AppData\Local\Programs\MiKTeX\tex/latex/tools\indentfirst.sty
Package: indentfirst 2023/07/02 v1.03 Indent first paragraph (DPC)
)
(C:\Users\yashm\AppData\Local\Programs\MiKTeX\tex/latex/graphics\graphicx.sty
Package: graphicx 2021/09/16 v1.2d Enhanced LaTeX Graphics (DPC,SPQR)

(C:\Users\yashm\AppData\Local\Programs\MiKTeX\tex/latex/graphics\graphics.sty
Package: graphics 2022/03/10 v1.4e Standard LaTeX Graphics (DPC,SPQR)

(C:\Users\yashm\AppData\Local\Programs\MiKTeX\tex/latex/graphics\trig.sty
Package: trig 2021/08/11 v1.11 sin cos tan (DPC)
)
(C:\Users\yashm\AppData\Local\Programs\MiKTeX\tex/latex/graphics-cfg\graphics.c
fg
File: graphics.cfg 2016/06/04 v1.11 sample graphics configuration
)
Package graphics Info: Driver file: pdftex.def on input line 107.

(C:\Users\yashm\AppData\Local\Programs\MiKTeX\tex/latex/graphics-def\pdftex.def
File: pdftex.def 2022/09/22 v1.2b Graphics/color driver for pdftex
))
\Gin@req@height=\dimen149
\Gin@req@width=\dimen150
) (C:\Users\yashm\AppData\Local\Programs\MiKTeX\tex/latex/amsmath\amsmath.sty
Package: amsmath 2023/05/13 v2.17o AMS math features
\@mathmargin=\skip50
For additional information on amsmath, use the `?' option.
(C:\Users\yashm\AppData\Local\Programs\MiKTeX\tex/latex/amsmath\amstext.sty
Package: amstext 2021/08/26 v2.01 AMS text

(C:\Users\yashm\AppData\Local\Programs\MiKTeX\tex/latex/amsmath\amsgen.sty
File: amsgen.sty 1999/11/30 v2.0 generic functions
\@emptytoks=\toks21
\ex@=\dimen151
))
(C:\Users\yashm\AppData\Local\Programs\MiKTeX\tex/latex/amsmath\amsbsy.sty
Package: amsbsy 1999/11/29 v1.2d Bold Symbols
\pmbraise@=\dimen152
)
(C:\Users\yashm\AppData\Local\Programs\MiKTeX\tex/latex/amsmath\amsopn.sty
Package: amsopn 2022/04/08 v2.04 operator names
)
\inf@bad=\count198
LaTeX Info: Redefining \frac on input line 234.
\uproot@=\count199
\leftroot@=\count266
LaTeX Info: Redefining \overline on input line 399.
LaTeX Info: Redefining \colon on input line 410.
\classnum@=\count267
\DOTSCASE@=\count268
LaTeX Info: Redefining \ldots on input line 496.
LaTeX Info: Redefining \dots on input line 499.
LaTeX Info: Redefining \cdots on input line 620.
\Mathstrutbox@=\box51
\strutbox@=\box52
LaTeX Info: Redefining \big on input line 722.
LaTeX Info: Redefining \Big on input line 723.
LaTeX Info: Redefining \bigg on input line 724.
LaTeX Info: Redefining \Bigg on input line 725.
\big@size=\dimen153
LaTeX Font Info:    Redeclaring font encoding OML on input line 743.
LaTeX Font Info:    Redeclaring font encoding OMS on input line 744.
\macc@depth=\count269
LaTeX Info: Redefining \bmod on input line 905.
LaTeX Info: Redefining \pmod on input line 910.
LaTeX Info: Redefining \smash on input line 940.
LaTeX Info: Redefining \relbar on input line 970.
LaTeX Info: Redefining \Relbar on input line 971.
\c@MaxMatrixCols=\count270
\dotsspace@=\muskip16
\c@parentequation=\count271
\dspbrk@lvl=\count272
\tag@help=\toks22
\row@=\count273
\column@=\count274
\maxfields@=\count275
\andhelp@=\toks23
\eqnshift@=\dimen154
\alignsep@=\dimen155
\tagshift@=\dimen156
\tagwidth@=\dimen157
\totwidth@=\dimen158
\lineht@=\dimen159
\@envbody=\toks24
\multlinegap=\skip51
\multlinetaggap=\skip52
\mathdisplay@stack=\toks25
LaTeX Info: Redefining \[ on input line 2953.
LaTeX Info: Redefining \] on input line 2954.
)
(C:\Users\yashm\AppData\Local\Programs\MiKTeX\tex/latex/booktabs\booktabs.sty
Package: booktabs 2020/01/12 v1.61803398 Publication quality tables
\heavyrulewidth=\dimen160
\lightrulewidth=\dimen161
\cmidrulewidth=\dimen162
\belowrulesep=\dimen163
\belowbottomsep=\dimen164
\aboverulesep=\dimen165
\abovetopsep=\dimen166
\cmidrulesep=\dimen167
\cmidrulekern=\dimen168
\defaultaddspace=\dimen169
\@cmidla=\count276
\@cmidlb=\count277
\@aboverulesep=\dimen170
\@belowrulesep=\dimen171
\@thisruleclass=\count278
\@lastruleclass=\count279
\@thisrulewidth=\dimen172
)
(C:\Users\yashm\AppData\Local\Programs\MiKTeX\tex/latex/parskip\parskip.sty
Package: parskip 2021-03-14 v2.0h non-zero parskip adjustments

(C:\Users\yashm\AppData\Local\Programs\MiKTeX\tex/latex/kvoptions\kvoptions.sty
Package: kvoptions 2022-06-15 v3.15 Key value format for package options (HO)
(C:\Users\yashm\AppData\Local\Programs\MiKTeX\tex/generic/ltxcmds\ltxcmds.sty
Package: ltxcmds 2023-12-04 v1.26 LaTeX kernel commands for general use (HO)
)
(C:\Users\yashm\AppData\Local\Programs\MiKTeX\tex/latex/kvsetkeys\kvsetkeys.sty
Package: kvsetkeys 2022-10-05 v1.19 Key value parser (HO)
))
(C:\Users\yashm\AppData\Local\Programs\MiKTeX\tex/latex/etoolbox\etoolbox.sty
Package: etoolbox 2020/10/05 v2.5k e-TeX tools for LaTeX (JAW)
\etb@tempcnta=\count280
)) (C:\Users\yashm\AppData\Local\Programs\MiKTeX\tex/latex/natbib\natbib.sty
Package: natbib 2010/09/13 8.31b (PWD, AO)
\bibhang=\skip53
\bibsep=\skip54
LaTeX Info: Redefining \cite on input line 694.
\c@NAT@ctr=\count281
)
(C:\Users\yashm\AppData\Local\Programs\MiKTeX\tex/latex/url\url.sty
\Urlmuskip=\muskip17
Package: url 2013/09/16  ver 3.4  Verb mode for urls, etc.
)
(C:\Users\yashm\AppData\Local\Programs\MiKTeX\tex/latex/enumitem\enumitem.sty
Package: enumitem 2025/02/06 v3.11 Customized lists
\labelindent=\skip55
\enit@outerparindent=\dimen173
\enit@toks=\toks26
\enit@inbox=\box53
\enit@count@id=\count282
\enitdp@description=\count283
)
(C:\Users\yashm\AppData\Local\Programs\MiKTeX\tex/latex/caption\caption.sty
Package: caption 2023/08/05 v3.6o Customizing captions (AR)

(C:\Users\yashm\AppData\Local\Programs\MiKTeX\tex/latex/caption\caption3.sty
Package: caption3 2023/07/31 v2.4d caption3 kernel (AR)
\caption@tempdima=\dimen174
\captionmargin=\dimen175
\caption@leftmargin=\dimen176
\caption@rightmargin=\dimen177
\caption@width=\dimen178
\caption@indent=\dimen179
\caption@parindent=\dimen180
\caption@hangindent=\dimen181
Package caption Info: Standard document class detected.
)
\c@caption@flags=\count284
\c@continuedfloat=\count285
)
(C:\Users\yashm\AppData\Local\Programs\MiKTeX\tex/latex/tocloft\tocloft.sty
Package: tocloft 2017/08/31 v2.3i parameterised ToC, etc., typesetting
Package tocloft Info: The document has section divisions on input line 51.
\cftparskip=\skip56
\cftbeforetoctitleskip=\skip57
\cftaftertoctitleskip=\skip58
\cftbeforepartskip=\skip59
\cftpartnumwidth=\skip60
\cftpartindent=\skip61
\cftbeforesecskip=\skip62
\cftsecindent=\skip63
\cftsecnumwidth=\skip64
\cftbeforesubsecskip=\skip65
\cftsubsecindent=\skip66
\cftsubsecnumwidth=\skip67
\cftbeforesubsubsecskip=\skip68
\cftsubsubsecindent=\skip69
\cftsubsubsecnumwidth=\skip70
\cftbeforeparaskip=\skip71
\cftparaindent=\skip72
\cftparanumwidth=\skip73
\cftbeforesubparaskip=\skip74
\cftsubparaindent=\skip75
\cftsubparanumwidth=\skip76
\cftbeforeloftitleskip=\skip77
\cftafterloftitleskip=\skip78
\cftbeforefigskip=\skip79
\cftfigindent=\skip80
\cftfignumwidth=\skip81
\c@lofdepth=\count286
\c@lotdepth=\count287
\cftbeforelottitleskip=\skip82
\cftafterlottitleskip=\skip83
\cftbeforetabskip=\skip84
\cfttabindent=\skip85
\cfttabnumwidth=\skip86


Package tocloft Warning: \@starttoc has already been redefined; tocloft bailing
 out. on input line 1156.

)
LaTeX Font Info:    Trying to load font information for OT1+ptm on input line 2
2.
 (C:\Users\yashm\AppData\Local\Programs\MiKTeX\tex/latex/psnfss\ot1ptm.fd
File: ot1ptm.fd 2001/06/04 font definitions for OT1/ptm.
)
(C:\Users\yashm\AppData\Local\Programs\MiKTeX\tex/latex/l3backend\l3backend-pdf
tex.def
File: l3backend-pdftex.def 2024-01-04 L3 backend support: PDF output (pdfTeX)
\l__color_backend_stack_int=\count288
\l__pdf_internal_box=\box54
)
No file qrchange.aux.
\openout1 = `qrchange.aux'.

LaTeX Font Info:    Checking defaults for OML/cmm/m/it on input line 22.
LaTeX Font Info:    ... okay on input line 22.
LaTeX Font Info:    Checking defaults for OMS/cmsy/m/n on input line 22.
LaTeX Font Info:    ... okay on input line 22.
LaTeX Font Info:    Checking defaults for OT1/cmr/m/n on input line 22.
LaTeX Font Info:    ... okay on input line 22.
LaTeX Font Info:    Checking defaults for T1/cmr/m/n on input line 22.
LaTeX Font Info:    ... okay on input line 22.
LaTeX Font Info:    Checking defaults for TS1/cmr/m/n on input line 22.
LaTeX Font Info:    ... okay on input line 22.
LaTeX Font Info:    Checking defaults for OMX/cmex/m/n on input line 22.
LaTeX Font Info:    ... okay on input line 22.
LaTeX Font Info:    Checking defaults for U/cmr/m/n on input line 22.
LaTeX Font Info:    ... okay on input line 22.
*geometry* driver: auto-detecting
*geometry* detected driver: pdftex
*geometry* verbose mode - [ preamble ] result:
* driver: pdftex
* paper: letterpaper
* layout: <same size as paper>
* layoutoffset:(h,v)=(0.0pt,0.0pt)
* modes: 
* h-part:(L,W,R)=(108.405pt, 397.485pt, 108.405pt)
* v-part:(T,H,B)=(108.405pt, 578.15999pt, 108.405pt)
* \paperwidth=614.295pt
* \paperheight=794.96999pt
* \textwidth=397.485pt
* \textheight=578.15999pt
* \oddsidemargin=36.13501pt
* \evensidemargin=36.13501pt
* \topmargin=-0.86499pt
* \headheight=12.0pt
* \headsep=25.0pt
* \topskip=12.0pt
* \footskip=30.0pt
* \marginparwidth=44.0pt
* \marginparsep=10.0pt
* \columnsep=10.0pt
* \skip\footins=10.8pt plus 4.0pt minus 2.0pt
* \hoffset=0.0pt
* \voffset=0.0pt
* \mag=1000
* \@twocolumnfalse
* \@twosidefalse
* \@mparswitchfalse
* \@reversemarginfalse
* (1in=72.27pt=25.4mm, 1cm=28.453pt)


(C:\Users\yashm\AppData\Local\Programs\MiKTeX\tex/context/base/mkii\supp-pdf.mk
ii
[Loading MPS to PDF converter (version 2006.09.02).]
\scratchcounter=\count289
\scratchdimen=\dimen182
\scratchbox=\box55
\nofMPsegments=\count290
\nofMParguments=\count291
\everyMPshowfont=\toks27
\MPscratchCnt=\count292
\MPscratchDim=\dimen183
\MPnumerator=\count293
\makeMPintoPDFobject=\count294
\everyMPtoPDFconversion=\toks28
)
(C:\Users\yashm\AppData\Local\Programs\MiKTeX\tex/latex/epstopdf-pkg\epstopdf-b
ase.sty
Package: epstopdf-base 2020-01-24 v2.11 Base part for package epstopdf
Package epstopdf-base Info: Redefining graphics rule for `.eps' on input line 4
85.

(C:\Users\yashm\AppData\Local\Programs\MiKTeX\tex/latex/00miktex\epstopdf-sys.c
fg
File: epstopdf-sys.cfg 2021/03/18 v2.0 Configuration of epstopdf for MiKTeX
))
Package caption Info: Begin \AtBeginDocument code.
Package caption Info: End \AtBeginDocument code.


Package natbib Warning: Citation `IJSRD2025' on page 1 undefined on input line 
27.

[1

{C:/Users/yashm/AppData/Local/MiKTeX/fonts/map/pdftex/pdftex.map}{C:/Users/yash
m/AppData/Local/Programs/MiKTeX/fonts/enc/dvips/base/8r.enc}]

Package natbib Warning: Citation `ScienceDirect2020' on page 2 undefined on inp
ut line 37.


Package natbib Warning: Citation `InPressCo2021' on page 2 undefined on input l
ine 37.


Overfull \hbox (12.26295pt too wide) in paragraph at lines 37--38
\OT1/ptm/m/n/12 grievance por-tals have es-tab-lished that con-tem-po-rary sys-
tems are adopt-ing blockchain,
 []


Package natbib Warning: Citation `ScienceDirect2020' on page 2 undefined on inp
ut line 39.


Package natbib Warning: Citation `IJARCCE2021' on page 2 undefined on input lin
e 39.


Package natbib Warning: Citation `ASTESJ2025' on page 2 undefined on input line
 41.


Package natbib Warning: Citation `ThePrint2025' on page 2 undefined on input li
ne 41.

[2]

Package natbib Warning: Citation `ThePrint2025' on page 3 undefined on input li
ne 46.

[3]

Package natbib Warning: Citation `LeewayHertz2025' on page 4 undefined on input
 line 51.


Package natbib Warning: Citation `LexTalk2023' on page 4 undefined on input lin
e 51.


Package natbib Warning: Citation `RapidInnovation2024' on page 4 undefined on i
nput line 51.


Package natbib Warning: Citation `Civica2024' on page 4 undefined on input line
 51.


Package natbib Warning: Citation `ScoreDetect2025' on page 4 undefined on input
 line 54.


Package natbib Warning: Citation `EcoFlow2025' on page 4 undefined on input lin
e 54.


Package natbib Warning: Citation `IJERT2023' on page 4 undefined on input line 
54.


Package natbib Warning: Citation `TheSAI2023' on page 4 undefined on input line
 54.


Package natbib Warning: Citation `IJERT2023' on page 4 undefined on input line 
54.


Package natbib Warning: Citation `TheSAI2023' on page 4 undefined on input line
 54.

[4]

LaTeX Warning: Reference `fig:architecture' on page 5 undefined on input line 5
8.


LaTeX Warning: Reference `sec:workflow' on page 5 undefined on input line 58.


LaTeX Warning: Reference `sec:ui_design' on page 5 undefined on input line 58.

<figures/system_architecture.png, id=16, 1325.70282pt x 543.53062pt>
File: figures/system_architecture.png Graphic file (type png)
<use figures/system_architecture.png>
Package pdftex.def Info: figures/system_architecture.png  used on input line 62
.
(pdftex.def)             Requested size: 357.73407pt x 146.66399pt.
[5 <./figures/system_architecture.png>] [6] [7]

LaTeX Warning: Reference `fig:ui' on page 8 undefined on input line 94.

<figures/ui_screenshots.png, id=29, 1325.70282pt x 543.53062pt>
File: figures/ui_screenshots.png Graphic file (type png)
<use figures/ui_screenshots.png>
Package pdftex.def Info: figures/ui_screenshots.png  used on input line 98.
(pdftex.def)             Requested size: 357.73407pt x 146.66399pt.
[8 <./figures/ui_screenshots.png>] [9]
<figures/workflow.png, id=37, 1325.70282pt x 543.53062pt>
File: figures/workflow.png Graphic file (type png)
<use figures/workflow.png>
Package pdftex.def Info: figures/workflow.png  used on input line 124.
(pdftex.def)             Requested size: 357.73407pt x 146.66399pt.


LaTeX Warning: `h' float specifier changed to `ht'.


Overfull \hbox (6.86276pt too wide) in paragraph at lines 130--131
\OT1/ptm/m/n/12 and web tech-nolo-gies to cre-ate an au-to-matic, trans-par-ent
, and scal-able civic grievance
 []


Package natbib Warning: Citation `Maske2025' on page 10 undefined on input line
 133.

[10]

LaTeX Warning: Reference `fig:dataset' on page 11 undefined on input line 136.

<figures/dataset_distribution.png, id=41, 1325.70282pt x 543.53062pt>
File: figures/dataset_distribution.png Graphic file (type png)
<use figures/dataset_distribution.png>
Package pdftex.def Info: figures/dataset_distribution.png  used on input line 1
40.
(pdftex.def)             Requested size: 357.73407pt x 146.66399pt.

LaTeX Warning: `h' float specifier changed to `ht'.

[11 <./figures/workflow.png>]

Package natbib Warning: Citation `Chen2018' on page 12 undefined on input line 
154.


Package natbib Warning: Citation `Redmon2015' on page 12 undefined on input lin
e 154.


Package natbib Warning: Citation `Szegedy2014' on page 12 undefined on input li
ne 154.

[12 <./figures/dataset_distribution.png>]

LaTeX Warning: Reference `fig:yolo' on page 13 undefined on input line 162.


Overfull \hbox (16.21136pt too wide) in paragraph at lines 162--163
\OT1/ptm/m/n/12 spe-cial-ized mod-els af-ter the con-text has been ver-i-fied. 
The sys-tem em-ploys YOLOv11n
 []

<figures/yolo_architecture.png, id=51, 1325.70282pt x 543.53062pt>
File: figures/yolo_architecture.png Graphic file (type png)
<use figures/yolo_architecture.png>
Package pdftex.def Info: figures/yolo_architecture.png  used on input line 168.

(pdftex.def)             Requested size: 357.73407pt x 146.66399pt.

LaTeX Warning: `h' float specifier changed to `ht'.


LaTeX Warning: Reference `fig:inception' on page 13 undefined on input line 173
.

[13]
<figures/inception_architecture.png, id=56, 1325.70282pt x 543.53062pt>
File: figures/inception_architecture.png Graphic file (type png)
<use figures/inception_architecture.png>
Package pdftex.def Info: figures/inception_architecture.png  used on input line
 177.
(pdftex.def)             Requested size: 357.73407pt x 146.66399pt.


Package natbib Warning: Citation `Clark2020' on page 14 undefined on input line
 186.


LaTeX Warning: Reference `fig:electra' on page 14 undefined on input line 186.

[14 <./figures/yolo_architecture.png> <./figures/inception_architecture.png>]
<figures/electra_architecture.png, id=62, 1325.70282pt x 543.53062pt>
File: figures/electra_architecture.png Graphic file (type png)
<use figures/electra_architecture.png>
Package pdftex.def Info: figures/electra_architecture.png  used on input line 1
90.
(pdftex.def)             Requested size: 357.73407pt x 146.66399pt.


LaTeX Warning: Reference `fig:electra' on page 15 undefined on input line 195.

[15 <./figures/electra_architecture.png>]
LaTeX Font Info:    Trying to load font information for TS1+ptm on input line 2
14.

(C:\Users\yashm\AppData\Local\Programs\MiKTeX\tex/latex/psnfss\ts1ptm.fd
File: ts1ptm.fd 2001/06/04 font definitions for TS1/ptm.
)
[16]

LaTeX Warning: Reference `fig:cm_pothole' on page 17 undefined on input line 22
8.

<figures/cm_pothole.png, id=72, 1325.70282pt x 543.53062pt>
File: figures/cm_pothole.png Graphic file (type png)
<use figures/cm_pothole.png>
Package pdftex.def Info: figures/cm_pothole.png  used on input line 232.
(pdftex.def)             Requested size: 357.73407pt x 146.66399pt.

LaTeX Warning: Reference `fig:cm_garbage' on page 17 undefined on input line 23
7.

<figures/cm_garbage.png, id=73, 1325.70282pt x 543.53062pt>
File: figures/cm_garbage.png Graphic file (type png)
<use figures/cm_garbage.png>
Package pdftex.def Info: figures/cm_garbage.png  used on input line 241.
(pdftex.def)             Requested size: 357.73407pt x 146.66399pt.

LaTeX Warning: `h' float specifier changed to `ht'.

[17 <./figures/cm_pothole.png>]

LaTeX Warning: Reference `fig:roc_pothole' on page 18 undefined on input line 2
53.

<figures/roc_pothole.png, id=80, 1325.70282pt x 543.53062pt>
File: figures/roc_pothole.png Graphic file (type png)
<use figures/roc_pothole.png>
Package pdftex.def Info: figures/roc_pothole.png  used on input line 257.
(pdftex.def)             Requested size: 357.73407pt x 146.66399pt.

LaTeX Warning: `h' float specifier changed to `ht'.


LaTeX Warning: Reference `fig:roc_garbage' on page 18 undefined on input line 2
62.

<figures/roc_garbage.png, id=81, 1325.70282pt x 543.53062pt>
File: figures/roc_garbage.png Graphic file (type png)
<use figures/roc_garbage.png>
Package pdftex.def Info: figures/roc_garbage.png  used on input line 266.
(pdftex.def)             Requested size: 357.73407pt x 146.66399pt.

LaTeX Warning: `h' float specifier changed to `ht'.


LaTeX Warning: Reference `tab:performance' on page 18 undefined on input line 2
72.

[18 <./figures/cm_garbage.png>]
Overfull \hbox (4.82771pt too wide) in paragraph at lines 274--275
[]\OT1/ptm/b/n/12 Performance on the garbage dataset\OT1/ptm/m/n/12 : Eight mod
-els were tested on the garbage
 []

[19 <./figures/roc_pothole.png> <./figures/roc_garbage.png>]
Overfull \hbox (0.44301pt too wide) in paragraph at lines 304--305
\OT1/ptm/m/n/12 lized on mo-bile sce-nar-ios with cit-i-zens up-load-ing im-age
s for com-plaints. YOLO11n
 []

[20]

LaTeX Warning: Reference `tab:comparison' on page 21 undefined on input line 31
0.


LaTeX Warning: `h' float specifier changed to `ht'.

[21] [22]
LaTeX Font Info:    Trying to load font information for OT1+pcr on input line 3
51.

(C:\Users\yashm\AppData\Local\Programs\MiKTeX\tex/latex/psnfss\ot1pcr.fd
File: ot1pcr.fd 2001/06/04 font definitions for OT1/pcr.
)
Underfull \hbox (badness 2856) in paragraph at lines 354--355
\OT1/ptm/m/n/12 cess-ing. $\OT1/pcr/m/n/12 https : / / ijarcce . com / wp-[]con
tent / uploads / 2021 / 06 /
 []

[23]
Underfull \hbox (badness 2221) in paragraph at lines 360--361
[]\OT1/ptm/m/n/12 InPressCo (2021). Smart Con-trol Com-plaint Sys-tem for Mu-ni
c-i-pal Cor-po-
 []


Underfull \hbox (badness 3668) in paragraph at lines 372--373
[]\OT1/ptm/m/n/12 The Print (2025). Civic body in Ma-ha-rash-tra in-tro-duces Q
R code-based
 []


Underfull \hbox (badness 10000) in paragraph at lines 372--373
\OT1/ptm/m/n/12 com-plaint re-dres-sal sys-tem. $\OT1/pcr/m/n/12 https : / / th
eprint . in / india /
 []


Overfull \hbox (180.86464pt too wide) in paragraph at lines 372--373
\OT1/pcr/m/n/12 civic-[]body-[]in-[]maharashtra-[]introduces-[]qr-[]code-[]base
d-[]complaint-[]redressal-[]system /
 []


Underfull \hbox (badness 10000) in paragraph at lines 375--376
[]\OT1/ptm/m/n/12 LeewayHertz (2025). AI in cus-tomer com-plaint man-age-ment:
 []


Underfull \hbox (badness 10000) in paragraph at lines 375--376
\OT1/ptm/m/n/12 Use cases, ben-e-fits. $\OT1/pcr/m/n/12 https : / / www . leewa
yhertz . com /
 []


Underfull \hbox (badness 3312) in paragraph at lines 378--379
\OT1/ptm/m/n/12 plaint Man-age-ment Soft-ware. $\OT1/pcr/m/n/12 https : / / www
 . lextalk . world / post /
 []


Overfull \hbox (263.5646pt too wide) in paragraph at lines 378--379
\OT1/pcr/m/n/12 how-[]artificial-[]intelligence-[]can-[]help-[]in-[]terms-[]of-
[]developing-[]complaint-[]management-[]software$\OT1/ptm/m/n/12 . 
 []


Underfull \hbox (badness 10000) in paragraph at lines 381--382
[]\OT1/ptm/m/n/12 Rapid In-no-va-tion (2024). AI Com-plaint Man-age-ment Guide
 []


Underfull \hbox (badness 10000) in paragraph at lines 381--382
\OT1/ptm/m/n/12 2025. $\OT1/pcr/m/n/12 https : / / www . rapidinnovation . io /
 post /
 []


Overfull \hbox (111.36467pt too wide) in paragraph at lines 381--382
\OT1/pcr/m/n/12 ai-[]agents-[]for-[]complaint-[]management-[]benefits-[]use-[]c
ases-[]and-[]challenges$\OT1/ptm/m/n/12 . 
 []


Underfull \hbox (badness 10000) in paragraph at lines 384--385
[]\OT1/ptm/m/n/12 Civica (2024). En-hanc-ing Com-plaints Man-age-ment with Ar-t
i-fi-cial In-
 []


Underfull \hbox (badness 10000) in paragraph at lines 384--385
\OT1/ptm/m/n/12 tel-li-gence. $\OT1/pcr/m/n/12 https : / / www . civica . com /
 en-[]gb / insights /
 []


Overfull \hbox (58.96469pt too wide) in paragraph at lines 384--385
\OT1/pcr/m/n/12 enhancing-[]complaints-[]management-[]with-[]artificial-[]intel
ligence/$\OT1/ptm/m/n/12 . 
 []


Underfull \hbox (badness 10000) in paragraph at lines 387--388
[]\OT1/ptm/m/n/12 ScoreDetect (2025). UGC Au-then-tic-ity: 7 Ver-i-fi-ca-tion M
eth-
 []


Underfull \hbox (badness 10000) in paragraph at lines 387--388
\OT1/ptm/m/n/12 ods. $\OT1/pcr/m/n/12 https : / / www . scoredetect . com / blo
g / posts /
 []

[24]
Underfull \hbox (badness 10000) in paragraph at lines 390--391
[]\OT1/ptm/m/n/12 Scoop.it (2025). 7 Steps to De-ter-mine Au-then-tic User-Gene
rated
 []


Underfull \hbox (badness 10000) in paragraph at lines 390--391
\OT1/ptm/m/n/12 Con-tent (UGC). $\OT1/pcr/m/n/12 https : / / blog . scoop . it 
/ 2025 / 03 / 06 /
 []


Overfull \hbox (38.8647pt too wide) in paragraph at lines 390--391
\OT1/pcr/m/n/12 7-[]steps-[]to-[]determine-[]authentic-[]user-[]generated-[]con
tent-[]ugc/$\OT1/ptm/m/n/12 . 
 []


Underfull \hbox (badness 10000) in paragraph at lines 393--394
[]\OT1/ptm/m/n/12 EcoFlow (2025). Au-then-tic-ity and User-Generated Con-
 []


Underfull \hbox (badness 10000) in paragraph at lines 393--394
\OT1/ptm/m/n/12 tent (UGC). $\OT1/pcr/m/n/12 https : / / www . ecoflow . com / 
us / blog /
 []


Underfull \hbox (badness 10000) in paragraph at lines 396--397
[]\OT1/ptm/m/n/12 IJERT (2023). Im-ple-ment-ing NLP to Cat-e-go-rize Grievances
 Re-ceived
 []


Underfull \hbox (badness 10000) in paragraph at lines 396--397
\OT1/ptm/m/n/12 Via A Voice In-put Mech-a-nism. $\OT1/pcr/m/n/12 https : / / ww
w . ijert . org /
 []


Overfull \hbox (183.86464pt too wide) in paragraph at lines 396--397
\OT1/pcr/m/n/12 implementing-[]nlp-[]to-[]categorize-[]grievances-[]received-[]
via-[]a-[]voice-[]input-[]mechanism$\OT1/ptm/m/n/12 . 
 []


Underfull \hbox (badness 2384) in paragraph at lines 399--400
[]\OT1/ptm/m/n/12 The SAI (2023). Uti-liz-ing NLP to Op-ti-mize Mu-nic-i-pal Se
r-vices De-liv-ery
 []


Underfull \hbox (badness 10000) in paragraph at lines 399--400
\OT1/ptm/m/n/12 Us-ing a Novel Frame-work. $\OT1/pcr/m/n/12 https : / / thesai 
. org / Downloads /
 []


Underfull \hbox (badness 10000) in paragraph at lines 399--400
\OT1/pcr/m/n/12 Volume16No2 / Paper _ 78-[]Utilizing _ NLP _ to _ Optimize _
 []


Package natbib Warning: There were undefined citations.

[25] (qrchange.aux

Package natbib Warning: Citation(s) may have changed.
(natbib)                Rerun to get citations correct.


! Package natbib Error: Bibliography not compatible with author-year citations.

(natbib)                Press <return> to continue in numerical citation style.


See the natbib package documentation for explanation.
Type  H <return>  for immediate help.
 ...                                              
                                                  
l.70 ...mand\NAT@force@numbers{}\NAT@force@numbers
                                                  
? 